<?xml version="1.0" encoding="UTF-8"?>
<testng-results ignored="0" total="1" passed="0" failed="1" skipped="0">
  <reporter-output>
  </reporter-output>
  <suite started-at="2023-04-23T20:51:42 IST" name="Suite" finished-at="2023-04-23T20:52:32 IST" duration-ms="49255">
    <groups>
    </groups>
    <test started-at="2023-04-23T20:51:42 IST" name="Test-Firefox" finished-at="2023-04-23T20:52:32 IST" duration-ms="49255">
      <class name="TestObjects.TestRun">
        <test-method is-config="true" signature="initialization(java.lang.String)[pri:0, instance:TestObjects.TestRun@41e68d87]" started-at="2023-04-23T20:51:42 IST" name="initialization" finished-at="2023-04-23T20:51:46 IST" duration-ms="3799" status="PASS">
          <params>
            <param index="0">
              <value>
                <![CDATA[firefox]]>
              </value>
            </param>
          </params>
          <reporter-output>
          </reporter-output>
        </test-method> <!-- initialization -->
        <test-method signature="UserSignIn()[pri:0, instance:TestObjects.TestRun@41e68d87]" started-at="2023-04-23T20:51:46 IST" name="UserSignIn" finished-at="2023-04-23T20:52:32 IST" duration-ms="45308" status="FAIL">
          <exception class="org.openqa.selenium.ElementNotInteractableException">
            <message>
              <![CDATA[Element <div class="para"> is not reachable by keyboard
Build info: version: '4.8.3', revision: 'e5e76298c3'
System info: os.name: 'Linux', os.arch: 'amd64', os.version: '5.19.0-40-generic', java.version: '17.0.6'
Driver info: org.openqa.selenium.firefox.FirefoxDriver
Command: [5d9a7e94-3613-46b5-b073-cbe3ff26b2fb, sendKeysToElement {id=c2cd36d8-6cb4-4a0e-b51d-deeb823915f4, value=[Ljava.lang.CharSequence;@6fbc8423}]
Capabilities {acceptInsecureCerts: true, browserName: firefox, browserVersion: 112.0.1, moz:accessibilityChecks: false, moz:buildID: 20230414125621, moz:debuggerAddress: 127.0.0.1:8234, moz:geckodriverVersion: 0.33.0, moz:headless: false, moz:platformVersion: 5.19.0-40-generic, moz:processID: 50363, moz:profile: /tmp/rust_mozprofileSDQKZY, moz:shutdownTimeout: 60000, moz:useNonSpecCompliantPointerOrigin: false, moz:webdriverClick: true, moz:windowless: false, pageLoadStrategy: normal, platformName: LINUX, proxy: Proxy(), se:cdp: ws://127.0.0.1:8234/devtool..., se:cdpVersion: 85.0, setWindowRect: true, strictFileInteractability: false, timeouts: {implicit: 0, pageLoad: 300000, script: 30000}, unhandledPromptBehavior: dismiss and notify}
Element: [[FirefoxDriver: firefox on LINUX (5d9a7e94-3613-46b5-b073-cbe3ff26b2fb)] -> xpath: (//div[@class='para'])[2]]
Session ID: 5d9a7e94-3613-46b5-b073-cbe3ff26b2fb]]>
            </message>
            <full-stacktrace>
              <![CDATA[org.openqa.selenium.ElementNotInteractableException: Element <div class="para"> is not reachable by keyboard
Build info: version: '4.8.3', revision: 'e5e76298c3'
System info: os.name: 'Linux', os.arch: 'amd64', os.version: '5.19.0-40-generic', java.version: '17.0.6'
Driver info: org.openqa.selenium.firefox.FirefoxDriver
Command: [5d9a7e94-3613-46b5-b073-cbe3ff26b2fb, sendKeysToElement {id=c2cd36d8-6cb4-4a0e-b51d-deeb823915f4, value=[Ljava.lang.CharSequence;@6fbc8423}]
Capabilities {acceptInsecureCerts: true, browserName: firefox, browserVersion: 112.0.1, moz:accessibilityChecks: false, moz:buildID: 20230414125621, moz:debuggerAddress: 127.0.0.1:8234, moz:geckodriverVersion: 0.33.0, moz:headless: false, moz:platformVersion: 5.19.0-40-generic, moz:processID: 50363, moz:profile: /tmp/rust_mozprofileSDQKZY, moz:shutdownTimeout: 60000, moz:useNonSpecCompliantPointerOrigin: false, moz:webdriverClick: true, moz:windowless: false, pageLoadStrategy: normal, platformName: LINUX, proxy: Proxy(), se:cdp: ws://127.0.0.1:8234/devtool..., se:cdpVersion: 85.0, setWindowRect: true, strictFileInteractability: false, timeouts: {implicit: 0, pageLoad: 300000, script: 30000}, unhandledPromptBehavior: dismiss and notify}
Element: [[FirefoxDriver: firefox on LINUX (5d9a7e94-3613-46b5-b073-cbe3ff26b2fb)] -> xpath: (//div[@class='para'])[2]]
Session ID: 5d9a7e94-3613-46b5-b073-cbe3ff26b2fb
at java.base/jdk.internal.reflect.NativeConstructorAccessorImpl.newInstance0(Native Method)
at java.base/jdk.internal.reflect.NativeConstructorAccessorImpl.newInstance(NativeConstructorAccessorImpl.java:77)
at java.base/jdk.internal.reflect.DelegatingConstructorAccessorImpl.newInstance(DelegatingConstructorAccessorImpl.java:45)
at java.base/java.lang.reflect.Constructor.newInstanceWithCaller(Constructor.java:499)
at java.base/java.lang.reflect.Constructor.newInstance(Constructor.java:480)
at org.openqa.selenium.remote.codec.w3c.W3CHttpResponseCodec.createException(W3CHttpResponseCodec.java:200)
at org.openqa.selenium.remote.codec.w3c.W3CHttpResponseCodec.decode(W3CHttpResponseCodec.java:133)
at org.openqa.selenium.remote.codec.w3c.W3CHttpResponseCodec.decode(W3CHttpResponseCodec.java:53)
at org.openqa.selenium.remote.HttpCommandExecutor.execute(HttpCommandExecutor.java:193)
at org.openqa.selenium.remote.service.DriverCommandExecutor.invokeExecute(DriverCommandExecutor.java:183)
at org.openqa.selenium.remote.service.DriverCommandExecutor.execute(DriverCommandExecutor.java:158)
at org.openqa.selenium.remote.RemoteWebDriver.execute(RemoteWebDriver.java:543)
at org.openqa.selenium.remote.RemoteWebElement.execute(RemoteWebElement.java:257)
at org.openqa.selenium.remote.RemoteWebElement.sendKeys(RemoteWebElement.java:113)
at PageObject.CreateTask.createTask(CreateTask.java:58)
at TestObjects.TestRun.UserSignIn(TestRun.java:16)
at java.base/jdk.internal.reflect.NativeMethodAccessorImpl.invoke0(Native Method)
at java.base/jdk.internal.reflect.NativeMethodAccessorImpl.invoke(NativeMethodAccessorImpl.java:77)
at java.base/jdk.internal.reflect.DelegatingMethodAccessorImpl.invoke(DelegatingMethodAccessorImpl.java:43)
at java.base/java.lang.reflect.Method.invoke(Method.java:568)
at org.testng.internal.MethodInvocationHelper.invokeMethod(MethodInvocationHelper.java:133)
at org.testng.internal.TestInvoker.invokeMethod(TestInvoker.java:598)
at org.testng.internal.TestInvoker.invokeTestMethod(TestInvoker.java:173)
at org.testng.internal.MethodRunner.runInSequence(MethodRunner.java:46)
at org.testng.internal.TestInvoker$MethodInvocationAgent.invoke(TestInvoker.java:824)
at org.testng.internal.TestInvoker.invokeTestMethods(TestInvoker.java:146)
at org.testng.internal.TestMethodWorker.invokeTestMethods(TestMethodWorker.java:146)
at org.testng.internal.TestMethodWorker.run(TestMethodWorker.java:128)
at java.base/java.util.ArrayList.forEach(ArrayList.java:1511)
at org.testng.TestRunner.privateRun(TestRunner.java:794)
at org.testng.TestRunner.run(TestRunner.java:596)
at org.testng.SuiteRunner.runTest(SuiteRunner.java:377)
at org.testng.SuiteRunner.access$000(SuiteRunner.java:28)
at org.testng.SuiteRunner$SuiteWorker.run(SuiteRunner.java:418)
at org.testng.internal.thread.ThreadUtil.lambda$execute$0(ThreadUtil.java:64)
at java.base/java.util.concurrent.FutureTask.run(FutureTask.java:264)
at java.base/java.util.concurrent.ThreadPoolExecutor.runWorker(ThreadPoolExecutor.java:1136)
at java.base/java.util.concurrent.ThreadPoolExecutor$Worker.run(ThreadPoolExecutor.java:635)
at java.base/java.lang.Thread.run(Thread.java:833)
]]>
            </full-stacktrace>
          </exception> <!-- org.openqa.selenium.ElementNotInteractableException -->
          <reporter-output>
          </reporter-output>
        </test-method> <!-- UserSignIn -->
      </class> <!-- TestObjects.TestRun -->
    </test> <!-- Test-Firefox -->
  </suite> <!-- Suite -->
</testng-results>
